<?xml version="1.0" encoding="UTF-8"?>
<testsuite name="Test" tests="2" skipped="0" failures="0" errors="0" timestamp="2019-08-13T14:37:58" hostname="alexs" time="0.003">
  <properties/>
  <testcase name="testNull" classname="Test" time="0.003"/>
  <testcase name="testNonNull" classname="Test" time="0.0"/>
  <system-out><![CDATA[]]></system-out>
  <system-err><![CDATA[]]></system-err>
</testsuite>
